<?xml version="1.0" encoding="UTF-8"?>
<!-- Generated by org.testng.reporters.JUnitReportReporter -->
<testsuite hostname="DESKTOP-0K2A0LK" failures="0" tests="2" name="com.qa.api.tests.GetApiCall" time="8.056" errors="0" timestamp="2023-11-18T16:49:52 GMT" skipped="0">
  <testcase classname="com.qa.api.tests.GetApiCall" name="getSpecificUserApiTest" time="6.594"/>
  <testcase classname="com.qa.api.tests.GetApiCall" name="getUsersApiTest" time="1.462"/>
</testsuite> <!-- com.qa.api.tests.GetApiCall -->
