<?xml version="1.0" encoding="UTF-8"?>
<!-- Generated by org.testng.reporters.JUnitReportReporter -->
<testsuite hostname="DESKTOP-0K2A0LK" failures="0" tests="2" name="com.qa.api.tests.UpdateUsersPutCallWithPojoLombokTest" time="5.018" errors="0" timestamp="2023-11-19T15:03:42 GMT" skipped="0">
  <testcase classname="com.qa.api.tests.UpdateUsersPutCallWithPojoLombokTest" name="updateUser" time="2.746"/>
  <testcase classname="com.qa.api.tests.UpdateUsersPutCallWithPojoLombokTest" name="createUserTest" time="2.272"/>
</testsuite> <!-- com.qa.api.tests.UpdateUsersPutCallWithPojoLombokTest -->
