<?xml version="1.0" encoding="UTF-8"?>
<!-- Generated by org.testng.reporters.JUnitReportReporter -->
<testsuite hostname="DESKTOP-0K2A0LK" failures="0" tests="1" name="com.qa.api.tests.CreateUserTestWithJsonFileTest" time="3.947" errors="0" timestamp="2023-11-18T19:31:35 GMT" skipped="0">
  <testcase classname="com.qa.api.tests.CreateUserTestWithJsonFileTest" name="createUserPostCallTest" time="3.947"/>
</testsuite> <!-- com.qa.api.tests.CreateUserTestWithJsonFileTest -->
