<?xml version="1.0" encoding="UTF-8"?>
<!-- Generated by org.testng.reporters.JUnitReportReporter -->
<testsuite hostname="DESKTOP-0K2A0LK" failures="0" tests="2" name="com.qa.api.tests.DeleteUserApiTest" time="11.806" errors="0" timestamp="2023-11-19T15:23:16 GMT" skipped="0">
  <testcase classname="com.qa.api.tests.DeleteUserApiTest" name="updateUser" time="6.577"/>
  <testcase classname="com.qa.api.tests.DeleteUserApiTest" name="createUserTest" time="5.229"/>
</testsuite> <!-- com.qa.api.tests.DeleteUserApiTest -->
