<?xml version="1.0" encoding="UTF-8"?>
<!-- Generated by org.testng.reporters.JUnitReportReporter -->
<testsuite hostname="DESKTOP-0K2A0LK" failures="0" tests="1" name="com.qa.api.tests.CreateUsersPostCallWithPojoTest" time="3.187" errors="0" timestamp="2023-11-19T05:35:44 GMT" skipped="0">
  <testcase classname="com.qa.api.tests.CreateUsersPostCallWithPojoTest" name="createUserTest" time="3.187"/>
</testsuite> <!-- com.qa.api.tests.CreateUsersPostCallWithPojoTest -->
