<?xml version="1.0" encoding="UTF-8"?>
<!-- Generated by org.testng.reporters.JUnitReportReporter -->
<testsuite hostname="DESKTOP-0K2A0LK" failures="0" tests="1" name="com.qa.api.tests.CreateUserPostCallTest" time="2.595" errors="0" timestamp="2023-11-18T18:43:14 GMT" skipped="0">
  <testcase classname="com.qa.api.tests.CreateUserPostCallTest" name="createUserPostCallTest" time="2.595"/>
</testsuite> <!-- com.qa.api.tests.CreateUserPostCallTest -->
