<?xml version="1.0" encoding="UTF-8"?>
<!-- Generated by org.testng.reporters.JUnitReportReporter -->
<testsuite hostname="DESKTOP-0K2A0LK" failures="0" tests="1" name="com.qa.api.tests.CreateUsersPostCallWithPojoLombokTest" time="2.786" errors="0" timestamp="2023-11-19T06:13:15 GMT" skipped="0">
  <testcase classname="com.qa.api.tests.CreateUsersPostCallWithPojoLombokTest" name="createUserTest" time="2.786"/>
</testsuite> <!-- com.qa.api.tests.CreateUsersPostCallWithPojoLombokTest -->
